22:48:08: Creating resource group General
22:48:08: Creating resource group Internal
22:48:08: Creating resource group Autodetect
22:48:08: SceneManagerFactory for type 'DefaultSceneManager' registered.
22:48:08: Registering ResourceManager for type Material
22:48:08: Registering ResourceManager for type Mesh
22:48:08: Registering ResourceManager for type Skeleton
22:48:08: MovableObjectFactory for type 'ParticleSystem' registered.
22:48:08: OverlayElementFactory for type Panel registered.
22:48:08: OverlayElementFactory for type BorderPanel registered.
22:48:08: OverlayElementFactory for type TextArea registered.
22:48:08: Registering ResourceManager for type Font
22:48:08: ArchiveFactory for archive type FileSystem registered.
22:48:08: DDS codec registering
22:48:08: FreeImage version: 3.15.4
22:48:08: This program uses FreeImage, a free, open source image library supporting all common bitmap formats. See http://freeimage.sourceforge.net for details
22:48:08: Supported formats: bmp,ico,jpg,jif,jpeg,jpe,jng,koa,iff,lbm,mng,pbm,pbm,pcd,pcx,pgm,pgm,png,ppm,ppm,ras,tga,targa,tif,tiff,wap,wbmp,wbm,psd,cut,xbm,xpm,gif,hdr,g3,sgi,exr,j2k,j2c,jp2,pfm,pct,pict,pic,3fr,arw,bay,bmq,cap,cine,cr2,crw,cs1,dc2,dcr,drf,dsc,dng,erf,fff,ia,iiq,k25,kc2,kdc,mdc,mef,mos,mrw,nef,nrw,orf,pef,ptx,pxn,qtk,raf,raw,rdc,rw2,rwl,rwz,sr2,srf,srw,sti
22:48:08: Registering ResourceManager for type HighLevelGpuProgram
22:48:08: Registering ResourceManager for type Compositor
22:48:08: MovableObjectFactory for type 'Entity' registered.
22:48:08: MovableObjectFactory for type 'Light' registered.
22:48:08: MovableObjectFactory for type 'BillboardSet' registered.
22:48:08: MovableObjectFactory for type 'ManualObject' registered.
22:48:08: MovableObjectFactory for type 'BillboardChain' registered.
22:48:08: MovableObjectFactory for type 'RibbonTrail' registered.
22:48:08: *-*-* OGRE Initialising
22:48:08: *-*-* Version 1.8.1 (Byatis)
22:48:08: Loading library RenderSystem_GL
22:48:08: Installing plugin: GL RenderSystem
22:48:08: OpenGL Rendering Subsystem created.
22:48:08: Plugin successfully installed
22:48:08: CPU Identifier & Features
22:48:08: -------------------------
22:48:08:  *   CPU ID: GenuineIntel: Intel(R) Core(TM) i7-4500U CPU @ 1.80GHz
22:48:08:  *      SSE: yes
22:48:08:  *     SSE2: yes
22:48:08:  *     SSE3: yes
22:48:08:  *      MMX: yes
22:48:08:  *   MMXEXT: yes
22:48:08:  *    3DNOW: no
22:48:08:  * 3DNOWEXT: no
22:48:08:  *     CMOV: yes
22:48:08:  *      TSC: yes
22:48:08:  *      FPU: yes
22:48:08:  *      PRO: yes
22:48:08:  *       HT: no
22:48:08: -------------------------
22:48:08: ******************************
*** Starting GLX Subsystem ***
******************************
22:48:08: Registering ResourceManager for type Texture
22:48:08: GLRenderSystem::_createRenderWindow "Kenneth's Game Engine", 800x600 windowed  miscParams: FSAA=0 displayFrequency=60 Hz gamma=No vsync=No 
22:48:08: GLXWindow::create used FBConfigID = 122
22:48:08: GL_VERSION = 3.0 Mesa 11.0.2
22:48:08: GL_VENDOR = Intel Open Source Technology Center
22:48:08: GL_RENDERER = Mesa DRI Intel(R) Haswell Mobile 
22:48:08: GL_EXTENSIONS = GL_ARB_multisample GL_EXT_abgr GL_EXT_bgra GL_EXT_blend_color GL_EXT_blend_minmax GL_EXT_blend_subtract GL_EXT_copy_texture GL_EXT_polygon_offset GL_EXT_subtexture GL_EXT_texture_object GL_EXT_vertex_array GL_EXT_compiled_vertex_array GL_EXT_texture GL_EXT_texture3D GL_IBM_rasterpos_clip GL_ARB_point_parameters GL_EXT_draw_range_elements GL_EXT_packed_pixels GL_EXT_point_parameters GL_EXT_rescale_normal GL_EXT_separate_specular_color GL_EXT_texture_edge_clamp GL_SGIS_generate_mipmap GL_SGIS_texture_border_clamp GL_SGIS_texture_edge_clamp GL_SGIS_texture_lod GL_ARB_framebuffer_sRGB GL_ARB_multitexture GL_EXT_framebuffer_sRGB GL_IBM_multimode_draw_arrays GL_IBM_texture_mirrored_repeat GL_3DFX_texture_compression_FXT1 GL_ARB_texture_cube_map GL_ARB_texture_env_add GL_ARB_transpose_matrix GL_EXT_blend_func_separate GL_EXT_fog_coord GL_EXT_multi_draw_arrays GL_EXT_secondary_color GL_EXT_texture_env_add GL_EXT_texture_filter_anisotropic GL_EXT_texture_lod_bias GL_INGR_blend_func_separate GL_NV_blend_square GL_NV_light_max_exponent GL_NV_texgen_reflection GL_NV_texture_env_combine4 GL_S3_s3tc GL_SUN_multi_draw_arrays GL_ARB_texture_border_clamp GL_ARB_texture_compression GL_EXT_framebuffer_object GL_EXT_texture_compression_s3tc GL_EXT_texture_env_combine GL_EXT_texture_env_dot3 GL_MESA_window_pos GL_NV_packed_depth_stencil GL_NV_texture_rectangle GL_ARB_depth_texture GL_ARB_occlusion_query GL_ARB_shadow GL_ARB_texture_env_combine GL_ARB_texture_env_crossbar GL_ARB_texture_env_dot3 GL_ARB_texture_mirrored_repeat GL_ARB_window_pos GL_EXT_stencil_two_side GL_EXT_texture_cube_map GL_NV_depth_clamp GL_APPLE_packed_pixels GL_APPLE_vertex_array_object GL_ARB_draw_buffers GL_ARB_fragment_program GL_ARB_fragment_shader GL_ARB_shader_objects GL_ARB_vertex_program GL_ARB_vertex_shader GL_ATI_draw_buffers GL_ATI_texture_env_combine3 GL_ATI_texture_float GL_EXT_shadow_funcs GL_EXT_stencil_wrap GL_MESA_pack_invert GL_NV_primitive_restart GL_ARB_depth_clamp GL_ARB_fragment_program_shadow GL_ARB_half_float_pixel GL_ARB_occlusion_query2 GL_ARB_point_sprite GL_ARB_shading_language_100 GL_ARB_sync GL_ARB_texture_non_power_of_two GL_ARB_vertex_buffer_object GL_ATI_blend_equation_separate GL_EXT_blend_equation_separate GL_OES_read_format GL_ARB_color_buffer_float GL_ARB_pixel_buffer_object GL_ARB_texture_compression_rgtc GL_ARB_texture_float GL_ARB_texture_rectangle GL_EXT_packed_float GL_EXT_pixel_buffer_object GL_EXT_texture_compression_dxt1 GL_EXT_texture_compression_rgtc GL_EXT_texture_rectangle GL_EXT_texture_sRGB GL_EXT_texture_shared_exponent GL_ARB_framebuffer_object GL_EXT_framebuffer_blit GL_EXT_framebuffer_multisample GL_EXT_packed_depth_stencil GL_APPLE_object_purgeable GL_ARB_vertex_array_object GL_ATI_separate_stencil GL_EXT_draw_buffers2 GL_EXT_draw_instanced GL_EXT_gpu_program_parameters GL_EXT_texture_array GL_EXT_texture_integer GL_EXT_texture_sRGB_decode GL_EXT_timer_query GL_OES_EGL_image GL_AMD_performance_monitor GL_ARB_copy_buffer GL_ARB_depth_buffer_float GL_ARB_draw_instanced GL_ARB_half_float_vertex GL_ARB_instanced_arrays GL_ARB_map_buffer_range GL_ARB_texture_rg GL_ARB_texture_swizzle GL_ARB_vertex_array_bgra GL_EXT_texture_swizzle GL_EXT_vertex_array_bgra GL_NV_conditional_render GL_AMD_conservative_depth GL_AMD_draw_buffers_blend GL_AMD_seamless_cubemap_per_texture GL_ARB_ES2_compatibility GL_ARB_blend_func_extended GL_ARB_debug_output GL_ARB_draw_buffers_blend GL_ARB_draw_elements_base_vertex GL_ARB_explicit_attrib_location GL_ARB_fragment_coord_conventions GL_ARB_provoking_vertex GL_ARB_sample_shading GL_ARB_sampler_objects GL_ARB_seamless_cube_map GL_ARB_shader_texture_lod GL_ARB_texture_cube_map_array GL_ARB_texture_gather GL_ARB_texture_multisample GL_ARB_texture_query_lod GL_ARB_texture_rgb10_a2ui GL_ARB_uniform_buffer_object GL_ARB_vertex_type_2_10_10_10_rev GL_EXT_provoking_vertex GL_EXT_texture_snorm GL_MESA_texture_signed_rgba GL_ARB_get_program_binary GL_ARB_robustness GL_ARB_separate_shader_objects GL_ARB_shader_bit_encoding GL_ARB_texture_compression_bptc GL_ARB_timer_query GL_ARB_transform_feedback2 GL_ARB_transform_feedback3 GL_ANGLE_texture_compression_dxt3 GL_ANGLE_texture_compression_dxt5 GL_ARB_compressed_texture_pixel_storage GL_ARB_conservative_depth GL_ARB_internalformat_query GL_ARB_map_buffer_alignment GL_ARB_shader_atomic_counters GL_ARB_shader_image_load_store GL_ARB_shading_language_420pack GL_ARB_shading_language_packing GL_ARB_texture_storage GL_ARB_transform_feedback_instanced GL_EXT_framebuffer_multisample_blit_scaled GL_EXT_transform_feedback GL_AMD_shader_trinary_minmax GL_ARB_ES3_compatibility GL_ARB_clear_buffer_object GL_ARB_copy_image GL_ARB_explicit_uniform_location GL_ARB_framebuffer_no_attachments GL_ARB_invalidate_subdata GL_ARB_program_interface_query GL_ARB_shader_image_size GL_ARB_texture_query_levels GL_ARB_texture_storage_multisample GL_ARB_texture_view GL_ARB_vertex_attrib_binding GL_KHR_debug GL_ARB_buffer_storage GL_ARB_clear_texture GL_ARB_multi_bind GL_ARB_seamless_cubemap_per_texture GL_ARB_texture_mirror_clamp_to_edge GL_ARB_vertex_type_10f_11f_11f_rev GL_EXT_shader_integer_mix GL_INTEL_performance_query GL_ARB_clip_control GL_ARB_conditional_render_inverted GL_ARB_derivative_control GL_ARB_get_texture_sub_image GL_ARB_pipeline_statistics_query GL_EXT_polygon_offset_clamp GL_KHR_context_flush_control 
22:48:08: Supported GLX extensions: GLX_ARB_create_context GLX_ARB_create_context_profile GLX_ARB_create_context_robustness GLX_ARB_fbconfig_float GLX_ARB_framebuffer_sRGB GLX_ARB_get_proc_address GLX_ARB_multisample GLX_EXT_import_context GLX_EXT_visual_info GLX_EXT_visual_rating GLX_EXT_framebuffer_sRGB GLX_EXT_create_context_es2_profile GLX_MESA_copy_sub_buffer GLX_MESA_multithread_makecurrent GLX_MESA_query_renderer GLX_MESA_swap_control GLX_OML_swap_method GLX_OML_sync_control GLX_SGI_make_current_read GLX_SGI_swap_control GLX_SGI_video_sync GLX_SGIS_multisample GLX_SGIX_fbconfig GLX_SGIX_pbuffer GLX_SGIX_visual_select_group GLX_EXT_texture_from_pixmap GLX_INTEL_swap_event 
22:48:08: ***************************
22:48:08: *** GL Renderer Started ***
22:48:08: ***************************
22:48:08: Registering ResourceManager for type GpuProgram
22:48:08: GLSL support detected
22:48:08: GL: Using GL_EXT_framebuffer_object for rendering to textures (best)
22:48:08: FBO PF_UNKNOWN depth/stencil support: D0S1 D0S4 D0S8 D0S16 D16S0 D16S1 D16S4 D16S8 D16S16 D24S0 D24S1 D24S4 D24S8 D24S16 D32S0 D32S1 D32S4 D32S8 D32S16 Packed-D24S8 
22:48:08: FBO PF_L8 depth/stencil support: D0S0 D0S1 D0S4 D0S8 D0S16 D16S0 D16S1 D16S4 D16S8 D16S16 D24S0 D24S1 D24S4 D24S8 D24S16 D32S0 D32S1 D32S4 D32S8 D32S16 Packed-D24S8 
22:48:08: FBO PF_L16 depth/stencil support: D0S0 D0S1 D0S4 D0S8 D0S16 D16S0 D16S1 D16S4 D16S8 D16S16 D24S0 D24S1 D24S4 D24S8 D24S16 D32S0 D32S1 D32S4 D32S8 D32S16 Packed-D24S8 
22:48:08: FBO PF_A8 depth/stencil support: D0S0 D0S1 D0S4 D0S8 D0S16 D16S0 D16S1 D16S4 D16S8 D16S16 D24S0 D24S1 D24S4 D24S8 D24S16 D32S0 D32S1 D32S4 D32S8 D32S16 Packed-D24S8 
22:48:08: FBO PF_R5G6B5 depth/stencil support: D0S0 D0S1 D0S4 D0S8 D0S16 D16S0 D16S1 D16S4 D16S8 D16S16 D24S0 D24S1 D24S4 D24S8 D24S16 D32S0 D32S1 D32S4 D32S8 D32S16 Packed-D24S8 
22:48:08: FBO PF_B5G6R5 depth/stencil support: D0S0 D0S1 D0S4 D0S8 D0S16 D16S0 D16S1 D16S4 D16S8 D16S16 D24S0 D24S1 D24S4 D24S8 D24S16 D32S0 D32S1 D32S4 D32S8 D32S16 Packed-D24S8 
22:48:08: FBO PF_A4R4G4B4 depth/stencil support: D0S0 D0S1 D0S4 D0S8 D0S16 D16S0 D16S1 D16S4 D16S8 D16S16 D24S0 D24S1 D24S4 D24S8 D24S16 D32S0 D32S1 D32S4 D32S8 D32S16 Packed-D24S8 
22:48:08: FBO PF_A1R5G5B5 depth/stencil support: D0S0 D0S1 D0S4 D0S8 D0S16 D16S0 D16S1 D16S4 D16S8 D16S16 D24S0 D24S1 D24S4 D24S8 D24S16 D32S0 D32S1 D32S4 D32S8 D32S16 Packed-D24S8 
22:48:08: FBO PF_R8G8B8 depth/stencil support: D0S0 D0S1 D0S4 D0S8 D0S16 D16S0 D16S1 D16S4 D16S8 D16S16 D24S0 D24S1 D24S4 D24S8 D24S16 D32S0 D32S1 D32S4 D32S8 D32S16 Packed-D24S8 
22:48:08: FBO PF_B8G8R8 depth/stencil support: D0S0 D0S1 D0S4 D0S8 D0S16 D16S0 D16S1 D16S4 D16S8 D16S16 D24S0 D24S1 D24S4 D24S8 D24S16 D32S0 D32S1 D32S4 D32S8 D32S16 Packed-D24S8 
22:48:08: FBO PF_A8R8G8B8 depth/stencil support: D0S0 D0S1 D0S4 D0S8 D0S16 D16S0 D16S1 D16S4 D16S8 D16S16 D24S0 D24S1 D24S4 D24S8 D24S16 D32S0 D32S1 D32S4 D32S8 D32S16 Packed-D24S8 
22:48:08: FBO PF_B8G8R8A8 depth/stencil support: D0S0 D0S1 D0S4 D0S8 D0S16 D16S0 D16S1 D16S4 D16S8 D16S16 D24S0 D24S1 D24S4 D24S8 D24S16 D32S0 D32S1 D32S4 D32S8 D32S16 Packed-D24S8 
22:48:08: FBO PF_A2R10G10B10 depth/stencil support: D0S0 D0S1 D0S4 D0S8 D0S16 D16S0 D16S1 D16S4 D16S8 D16S16 D24S0 D24S1 D24S4 D24S8 D24S16 D32S0 D32S1 D32S4 D32S8 D32S16 Packed-D24S8 
22:48:08: FBO PF_A2B10G10R10 depth/stencil support: D0S0 D0S1 D0S4 D0S8 D0S16 D16S0 D16S1 D16S4 D16S8 D16S16 D24S0 D24S1 D24S4 D24S8 D24S16 D32S0 D32S1 D32S4 D32S8 D32S16 Packed-D24S8 
22:48:08: FBO PF_FLOAT16_RGB depth/stencil support: D0S0 D0S1 D0S4 D0S8 D0S16 D16S0 D16S1 D16S4 D16S8 D16S16 D24S0 D24S1 D24S4 D24S8 D24S16 D32S0 D32S1 D32S4 D32S8 D32S16 Packed-D24S8 
22:48:08: FBO PF_FLOAT16_RGBA depth/stencil support: D0S0 D0S1 D0S4 D0S8 D0S16 D16S0 D16S1 D16S4 D16S8 D16S16 D24S0 D24S1 D24S4 D24S8 D24S16 D32S0 D32S1 D32S4 D32S8 D32S16 Packed-D24S8 
22:48:08: FBO PF_FLOAT32_RGBA depth/stencil support: D0S0 D0S1 D0S4 D0S8 D0S16 D16S0 D16S1 D16S4 D16S8 D16S16 D24S0 D24S1 D24S4 D24S8 D24S16 D32S0 D32S1 D32S4 D32S8 D32S16 Packed-D24S8 
22:48:08: FBO PF_X8R8G8B8 depth/stencil support: D0S0 D0S1 D0S4 D0S8 D0S16 D16S0 D16S1 D16S4 D16S8 D16S16 D24S0 D24S1 D24S4 D24S8 D24S16 D32S0 D32S1 D32S4 D32S8 D32S16 Packed-D24S8 
22:48:08: FBO PF_X8B8G8R8 depth/stencil support: D0S0 D0S1 D0S4 D0S8 D0S16 D16S0 D16S1 D16S4 D16S8 D16S16 D24S0 D24S1 D24S4 D24S8 D24S16 D32S0 D32S1 D32S4 D32S8 D32S16 Packed-D24S8 
22:48:08: FBO PF_SHORT_RGBA depth/stencil support: D0S0 D0S1 D0S4 D0S8 D0S16 D16S0 D16S1 D16S4 D16S8 D16S16 D24S0 D24S1 D24S4 D24S8 D24S16 D32S0 D32S1 D32S4 D32S8 D32S16 Packed-D24S8 
22:48:08: FBO PF_R3G3B2 depth/stencil support: D0S0 D0S1 D0S4 D0S8 D0S16 D16S0 D16S1 D16S4 D16S8 D16S16 D24S0 D24S1 D24S4 D24S8 D24S16 D32S0 D32S1 D32S4 D32S8 D32S16 Packed-D24S8 
22:48:08: FBO PF_FLOAT16_R depth/stencil support: D0S0 D0S1 D0S4 D0S8 D0S16 D16S0 D16S1 D16S4 D16S8 D16S16 D24S0 D24S1 D24S4 D24S8 D24S16 D32S0 D32S1 D32S4 D32S8 D32S16 Packed-D24S8 
22:48:08: FBO PF_FLOAT32_R depth/stencil support: D0S0 D0S1 D0S4 D0S8 D0S16 D16S0 D16S1 D16S4 D16S8 D16S16 D24S0 D24S1 D24S4 D24S8 D24S16 D32S0 D32S1 D32S4 D32S8 D32S16 Packed-D24S8 
22:48:08: FBO PF_SHORT_RGB depth/stencil support: D0S0 D0S1 D0S4 D0S8 D0S16 D16S0 D16S1 D16S4 D16S8 D16S16 D24S0 D24S1 D24S4 D24S8 D24S16 D32S0 D32S1 D32S4 D32S8 D32S16 Packed-D24S8 
22:48:08: [GL] : Valid FBO targets PF_UNKNOWN PF_L8 PF_L16 PF_A8 PF_R5G6B5 PF_B5G6R5 PF_A4R4G4B4 PF_A1R5G5B5 PF_R8G8B8 PF_B8G8R8 PF_A8R8G8B8 PF_B8G8R8A8 PF_A2R10G10B10 PF_A2B10G10R10 PF_FLOAT16_RGB PF_FLOAT16_RGBA PF_FLOAT32_RGBA PF_X8R8G8B8 PF_X8B8G8R8 PF_SHORT_RGBA PF_R3G3B2 PF_FLOAT16_R PF_FLOAT32_R PF_SHORT_RGB 
22:48:08: RenderSystem capabilities
22:48:08: -------------------------
22:48:08: RenderSystem Name: OpenGL Rendering Subsystem
22:48:08: GPU Vendor: intel
22:48:08: Device Name: Mesa DRI Intel(R) Haswell Mobile 
22:48:08: Driver Version: 3.0.0.0
22:48:08:  * Fixed function pipeline: yes
22:48:08:  * Hardware generation of mipmaps: no
22:48:08:  * Texture blending: yes
22:48:08:  * Anisotropic texture filtering: yes
22:48:08:  * Dot product texture operation: yes
22:48:08:  * Cube mapping: yes
22:48:08:  * Hardware stencil buffer: yes
22:48:08:    - Stencil depth: 8
22:48:08:    - Two sided stencil support: yes
22:48:08:    - Wrap stencil values: yes
22:48:08:  * Hardware vertex / index buffers: yes
22:48:08:  * Vertex programs: yes
22:48:08:  * Number of floating-point constants for vertex programs: 4096
22:48:08:  * Number of integer constants for vertex programs: 0
22:48:08:  * Number of boolean constants for vertex programs: 0
22:48:08:  * Fragment programs: yes
22:48:08:  * Number of floating-point constants for fragment programs: 4096
22:48:08:  * Number of integer constants for fragment programs: 0
22:48:08:  * Number of boolean constants for fragment programs: 0
22:48:08:  * Geometry programs: no
22:48:08:  * Number of floating-point constants for geometry programs: 0
22:48:08:  * Number of integer constants for geometry programs: 0
22:48:08:  * Number of boolean constants for geometry programs: 0
22:48:08:  * Supported Shader Profiles: arbfp1 arbvp1 glsl
22:48:08:  * Texture Compression: yes
22:48:08:    - DXT: yes
22:48:08:    - VTC: no
22:48:08:    - PVRTC: no
22:48:08:  * Scissor Rectangle: yes
22:48:08:  * Hardware Occlusion Query: yes
22:48:08:  * User clip planes: yes
22:48:08:  * VET_UBYTE4 vertex element type: yes
22:48:08:  * Infinite far plane projection: yes
22:48:08:  * Hardware render-to-texture: yes
22:48:08:  * Floating point textures: yes
22:48:08:  * Non-power-of-two textures: yes
22:48:08:  * Volume textures: yes
22:48:08:  * Multiple Render Targets: 8
22:48:08:    - With different bit depths: yes
22:48:08:  * Point Sprites: yes
22:48:08:  * Extended point parameters: yes
22:48:08:  * Max Point Size: 255
22:48:08:  * Vertex texture fetch: yes
22:48:08:  * Number of world matrices: 0
22:48:08:  * Number of texture units: 32
22:48:08:  * Stencil buffer depth: 8
22:48:08:  * Number of vertex blend matrices: 0
22:48:08:    - Max vertex textures: 32
22:48:08:    - Vertex textures shared: yes
22:48:08:  * Render to Vertex Buffer : no
22:48:08:  * GL 1.5 without VBO workaround: no
22:48:08:  * Frame Buffer objects: yes
22:48:08:  * Frame Buffer objects (ARB extension): no
22:48:08:  * Frame Buffer objects (ATI extension): no
22:48:08:  * PBuffer support: yes
22:48:08:  * GL 1.5 without HW-occlusion workaround: no
22:48:08:  * Separate shader objects: no
22:48:08: DefaultWorkQueue('Root') initialising on thread 7fd195e96840.
22:48:08: DefaultWorkQueue('Root')::WorkerFunc - thread 7fd18994d700 starting.
22:48:08: DefaultWorkQueue('Root')::WorkerFunc - thread 7fd18914c700 starting.
22:48:08: DefaultWorkQueue('Root')::WorkerFunc - thread 7fd18894b700 starting.
22:48:08: DefaultWorkQueue('Root')::WorkerFunc - thread 7fd183fff700 starting.
22:48:08: Particle Renderer Type 'billboard' registered
22:48:08: Creating resource group MyLevel1
22:48:08: Added resource location './assets/meshes' of type 'FileSystem' to resource group 'MyLevel1'
22:48:08: Added resource location './assets/materials' of type 'FileSystem' to resource group 'MyLevel1'
22:48:08: Initialising resource group MyLevel1
22:48:08: Parsing scripts for resource group MyLevel1
22:48:08: Parsing script Lv1.material
22:48:08: Parsing script Chest.material
22:48:08: Parsing script Ring.material
22:48:08: Finished parsing scripts for resource group MyLevel1
22:48:08: Creating resources for group MyLevel1
22:48:08: All done
22:48:08: Loading resource group 'MyLevel1' - Resources: 1 World Geometry: 1
22:48:08: Mesh: Loading Vlad.mesh.
22:48:08: Mesh: Loading Box.mesh.
22:48:08: Mesh: Loading Ring.mesh.
22:48:08: Finished loading resource group MyLevel1
