13:16:39: Creating resource group General
13:16:39: Creating resource group Internal
13:16:39: Creating resource group Autodetect
13:16:39: SceneManagerFactory for type 'DefaultSceneManager' registered.
13:16:39: Registering ResourceManager for type Material
13:16:39: Registering ResourceManager for type Mesh
13:16:39: Registering ResourceManager for type Skeleton
13:16:39: MovableObjectFactory for type 'ParticleSystem' registered.
13:16:39: OverlayElementFactory for type Panel registered.
13:16:39: OverlayElementFactory for type BorderPanel registered.
13:16:39: OverlayElementFactory for type TextArea registered.
13:16:39: Registering ResourceManager for type Font
13:16:39: ArchiveFactory for archive type FileSystem registered.
13:16:39: DDS codec registering
13:16:39: FreeImage version: 3.15.4
13:16:39: This program uses FreeImage, a free, open source image library supporting all common bitmap formats. See http://freeimage.sourceforge.net for details
13:16:39: Supported formats: bmp,ico,jpg,jif,jpeg,jpe,jng,koa,iff,lbm,mng,pbm,pbm,pcd,pcx,pgm,pgm,png,ppm,ppm,ras,tga,targa,tif,tiff,wap,wbmp,wbm,psd,cut,xbm,xpm,gif,hdr,g3,sgi,exr,j2k,j2c,jp2,pfm,pct,pict,pic,3fr,arw,bay,bmq,cap,cine,cr2,crw,cs1,dc2,dcr,drf,dsc,dng,erf,fff,ia,iiq,k25,kc2,kdc,mdc,mef,mos,mrw,nef,nrw,orf,pef,ptx,pxn,qtk,raf,raw,rdc,rw2,rwl,rwz,sr2,srf,srw,sti
13:16:39: Registering ResourceManager for type HighLevelGpuProgram
13:16:39: Registering ResourceManager for type Compositor
13:16:39: MovableObjectFactory for type 'Entity' registered.
13:16:39: MovableObjectFactory for type 'Light' registered.
13:16:39: MovableObjectFactory for type 'BillboardSet' registered.
13:16:39: MovableObjectFactory for type 'ManualObject' registered.
13:16:39: MovableObjectFactory for type 'BillboardChain' registered.
13:16:39: MovableObjectFactory for type 'RibbonTrail' registered.
13:16:39: *-*-* OGRE Initialising
13:16:39: *-*-* Version 1.8.1 (Byatis)
13:16:39: Loading library RenderSystem_GL
13:16:39: OGRE EXCEPTION(7:InternalErrorException): Could not load dynamic library RenderSystem_GL.  System Error: RenderSystem_GL.so: cannot open shared object file: No such file or directory in DynLib::load at /home/uge/Documents/Projects/Class/4903_GE/ogre_src_v1-8-1/OgreMain/src/OgreDynLib.cpp (line 93)
