13:14:24: Creating resource group General
13:14:24: Creating resource group Internal
13:14:24: Creating resource group Autodetect
13:14:24: Registering ResourceManager for type Material
13:14:24: Registering ResourceManager for type Skeleton
13:14:24: Registering ResourceManager for type Mesh
13:14:24: MeshSerializer writing mesh data to stream ...
13:14:24: File header written.
13:14:24: Writing mesh data...
13:14:24: Writing submesh...
13:14:24: Exporting submesh texture aliases...
13:14:24: Submesh texture aliases exported.
13:14:24: Submesh exported.
13:14:24: Exporting bounds information....
13:14:24: Bounds information exported.
13:14:24: Exporting submesh name table...
13:14:24: Submesh name table exported.
13:14:24: Exporting edge lists...
13:14:24: Edge lists exported
13:14:24: Mesh data exported.
13:14:24: MeshSerializer export successful.
13:14:24: Unregistering ResourceManager for type Mesh
13:14:24: Unregistering ResourceManager for type Skeleton
13:14:24: Unregistering ResourceManager for type Material
