17:18:05: Creating resource group General
17:18:05: Creating resource group Internal
17:18:05: Creating resource group Autodetect
17:18:05: Registering ResourceManager for type Mesh
17:18:05: Registering ResourceManager for type Material
17:18:05: Registering ResourceManager for type Skeleton
17:18:05: XMLMeshSerializer reading mesh data from ./XML-Files/Base.mesh.xml...
17:18:05: Reading geometry...
17:18:05: Geometry done...
17:18:05: Reading submeshes...
17:18:05: Submeshes done.
17:18:05: XMLMeshSerializer import successful.
17:18:05: Reorganising vertex buffers to automatic layout..
17:18:05: MeshSerializer writing mesh data to stream ...
17:18:05: File header written.
17:18:05: Writing mesh data...
17:18:05: Writing submesh...
17:18:05: Exporting submesh texture aliases...
17:18:05: Submesh texture aliases exported.
17:18:05: Submesh exported.
17:18:05: Exporting bounds information....
17:18:05: Bounds information exported.
17:18:05: Exporting submesh name table...
17:18:05: Submesh name table exported.
17:18:05: Exporting edge lists...
17:18:05: Edge lists exported
17:18:05: Mesh data exported.
17:18:05: MeshSerializer export successful.
17:18:05: Unregistering ResourceManager for type Skeleton
17:18:05: Unregistering ResourceManager for type Material
17:18:05: Unregistering ResourceManager for type Mesh
