01:22:11: Creating resource group General
01:22:11: Creating resource group Internal
01:22:11: Creating resource group Autodetect
01:22:11: Registering ResourceManager for type Mesh
01:22:11: Registering ResourceManager for type Material
01:22:11: Registering ResourceManager for type Skeleton
01:22:11: XMLMeshSerializer reading mesh data from ./XML-Files/Chest_Lid.mesh.xml...
01:22:11: Reading geometry...
01:22:11: Geometry done...
01:22:11: Reading submeshes...
01:22:11: Submeshes done.
01:22:11: Reading mesh names...
01:22:11: Mesh names done.
01:22:11: XMLMeshSerializer import successful.
01:22:11: Reorganising vertex buffers to automatic layout..
01:22:11: MeshSerializer writing mesh data to stream ...
01:22:11: File header written.
01:22:11: Writing mesh data...
01:22:11: Writing submesh...
01:22:11: Exporting submesh texture aliases...
01:22:11: Submesh texture aliases exported.
01:22:11: Submesh exported.
01:22:11: Exporting bounds information....
01:22:11: Bounds information exported.
01:22:11: Exporting submesh name table...
01:22:11: Submesh name table exported.
01:22:11: Exporting edge lists...
01:22:11: Edge lists exported
01:22:11: Mesh data exported.
01:22:11: MeshSerializer export successful.
01:22:11: Unregistering ResourceManager for type Skeleton
01:22:11: Unregistering ResourceManager for type Material
01:22:11: Unregistering ResourceManager for type Mesh
