13:21:35: Creating resource group General
13:21:35: Creating resource group Internal
13:21:35: Creating resource group Autodetect
13:21:35: Registering ResourceManager for type Mesh
13:21:35: Registering ResourceManager for type Material
13:21:35: Registering ResourceManager for type Skeleton
13:21:35: XMLMeshSerializer reading mesh data from ./XML-Files/Chest_Base.mesh.xml...
13:21:35: Reading geometry...
13:21:35: Geometry done...
13:21:35: Reading submeshes...
13:21:35: Submeshes done.
13:21:35: XMLMeshSerializer import successful.
13:21:35: Reorganising vertex buffers to automatic layout..
13:21:35: MeshSerializer writing mesh data to stream ...
13:21:35: File header written.
13:21:35: Writing mesh data...
13:21:35: Writing submesh...
13:21:35: Exporting submesh texture aliases...
13:21:35: Submesh texture aliases exported.
13:21:35: Submesh exported.
13:21:35: Exporting bounds information....
13:21:35: Bounds information exported.
13:21:35: Exporting submesh name table...
13:21:35: Submesh name table exported.
13:21:35: Exporting edge lists...
13:21:35: Edge lists exported
13:21:35: Mesh data exported.
13:21:35: MeshSerializer export successful.
13:21:35: Unregistering ResourceManager for type Skeleton
13:21:35: Unregistering ResourceManager for type Material
13:21:35: Unregistering ResourceManager for type Mesh
