01:22:06: Creating resource group General
01:22:06: Creating resource group Internal
01:22:06: Creating resource group Autodetect
01:22:06: Registering ResourceManager for type Material
01:22:06: Registering ResourceManager for type Skeleton
01:22:06: Registering ResourceManager for type Mesh
01:22:06: MeshSerializer writing mesh data to stream ...
01:22:06: File header written.
01:22:06: Writing mesh data...
01:22:06: Writing submesh...
01:22:06: Exporting submesh texture aliases...
01:22:06: Submesh texture aliases exported.
01:22:06: Submesh exported.
01:22:06: Exporting bounds information....
01:22:06: Bounds information exported.
01:22:06: Exporting submesh name table...
01:22:06: Submesh name table exported.
01:22:06: Exporting edge lists...
01:22:06: Edge lists exported
01:22:06: Mesh data exported.
01:22:06: MeshSerializer export successful.
01:22:06: Unregistering ResourceManager for type Mesh
01:22:06: Unregistering ResourceManager for type Skeleton
01:22:06: Unregistering ResourceManager for type Material
