13:09:24: Creating resource group General
13:09:24: Creating resource group Internal
13:09:24: Creating resource group Autodetect
13:09:24: Registering ResourceManager for type Mesh
13:09:24: Registering ResourceManager for type Material
13:09:24: Registering ResourceManager for type Skeleton
13:09:24: XMLMeshSerializer reading mesh data from ./XML-Files/Cube.mesh.xml...
13:09:24: Reading geometry...
13:09:24: Geometry done...
13:09:24: Reading submeshes...
13:09:24: Submeshes done.
13:09:24: Reading mesh names...
13:09:24: Mesh names done.
13:09:24: XMLMeshSerializer import successful.
13:09:24: Reorganising vertex buffers to automatic layout..
13:09:24: MeshSerializer writing mesh data to stream ...
13:09:24: File header written.
13:09:24: Writing mesh data...
13:09:24: Writing submesh...
13:09:24: Exporting submesh texture aliases...
13:09:24: Submesh texture aliases exported.
13:09:24: Submesh exported.
13:09:24: Exporting bounds information....
13:09:24: Bounds information exported.
13:09:24: Exporting submesh name table...
13:09:24: Submesh name table exported.
13:09:24: Exporting edge lists...
13:09:24: Edge lists exported
13:09:24: Mesh data exported.
13:09:24: MeshSerializer export successful.
13:09:24: Unregistering ResourceManager for type Skeleton
13:09:24: Unregistering ResourceManager for type Material
13:09:24: Unregistering ResourceManager for type Mesh
