09:50:03: Creating resource group General
09:50:03: Creating resource group Internal
09:50:03: Creating resource group Autodetect
09:50:03: Registering ResourceManager for type Material
09:50:03: Registering ResourceManager for type Skeleton
09:50:03: Registering ResourceManager for type Mesh
09:50:03: MeshSerializer writing mesh data to stream ...
09:50:03: File header written.
09:50:03: Writing mesh data...
09:50:03: Writing submesh...
09:50:03: Exporting submesh texture aliases...
09:50:03: Submesh texture aliases exported.
09:50:03: Submesh exported.
09:50:03: Exporting bounds information....
09:50:03: Bounds information exported.
09:50:03: Exporting submesh name table...
09:50:03: Submesh name table exported.
09:50:03: Exporting edge lists...
09:50:03: Edge lists exported
09:50:03: Mesh data exported.
09:50:03: MeshSerializer export successful.
09:50:03: Unregistering ResourceManager for type Mesh
09:50:03: Unregistering ResourceManager for type Skeleton
09:50:03: Unregistering ResourceManager for type Material
