17:18:12: Creating resource group General
17:18:12: Creating resource group Internal
17:18:12: Creating resource group Autodetect
17:18:12: Registering ResourceManager for type Mesh
17:18:12: Registering ResourceManager for type Material
17:18:12: Registering ResourceManager for type Skeleton
17:18:12: XMLMeshSerializer reading mesh data from ./XML-Files/Lid.mesh.xml...
17:18:12: Reading geometry...
17:18:12: Geometry done...
17:18:12: Reading submeshes...
17:18:12: Submeshes done.
17:18:12: XMLMeshSerializer import successful.
17:18:12: Reorganising vertex buffers to automatic layout..
17:18:12: MeshSerializer writing mesh data to stream ...
17:18:12: File header written.
17:18:12: Writing mesh data...
17:18:12: Writing submesh...
17:18:12: Exporting submesh texture aliases...
17:18:12: Submesh texture aliases exported.
17:18:12: Submesh exported.
17:18:12: Exporting bounds information....
17:18:12: Bounds information exported.
17:18:12: Exporting submesh name table...
17:18:12: Submesh name table exported.
17:18:12: Exporting edge lists...
17:18:12: Edge lists exported
17:18:12: Mesh data exported.
17:18:12: MeshSerializer export successful.
17:18:12: Unregistering ResourceManager for type Skeleton
17:18:12: Unregistering ResourceManager for type Material
17:18:12: Unregistering ResourceManager for type Mesh
