18:17:29: Creating resource group General
18:17:29: Creating resource group Internal
18:17:29: Creating resource group Autodetect
18:17:29: Registering ResourceManager for type Material
18:17:29: Registering ResourceManager for type Skeleton
18:17:29: Registering ResourceManager for type Mesh
18:17:29: MeshSerializer writing mesh data to stream ...
18:17:29: File header written.
18:17:29: Writing mesh data...
18:17:29: Writing submesh...
18:17:29: Exporting submesh texture aliases...
18:17:29: Submesh texture aliases exported.
18:17:29: Submesh exported.
18:17:29: Exporting bounds information....
18:17:29: Bounds information exported.
18:17:29: Exporting submesh name table...
18:17:29: Submesh name table exported.
18:17:29: Exporting edge lists...
18:17:29: Edge lists exported
18:17:29: Mesh data exported.
18:17:29: MeshSerializer export successful.
18:17:29: Unregistering ResourceManager for type Mesh
18:17:29: Unregistering ResourceManager for type Skeleton
18:17:29: Unregistering ResourceManager for type Material
