18:14:27: Creating resource group General
18:14:27: Creating resource group Internal
18:14:27: Creating resource group Autodetect
18:14:27: Registering ResourceManager for type Mesh
18:14:27: Registering ResourceManager for type Material
18:14:27: Registering ResourceManager for type Skeleton
18:14:27: XMLMeshSerializer reading mesh data from ./XML-Files/Vlad.mesh.xml...
18:14:27: Reading geometry...
18:14:27: Geometry done...
18:14:27: Reading submeshes...
18:14:27: Submeshes done.
18:14:27: XMLMeshSerializer import successful.
18:14:27: Reorganising vertex buffers to automatic layout..
18:14:27: MeshSerializer writing mesh data to stream ...
18:14:27: File header written.
18:14:27: Writing mesh data...
18:14:27: Writing submesh...
18:14:27: Exporting submesh texture aliases...
18:14:27: Submesh texture aliases exported.
18:14:27: Submesh exported.
18:14:27: Exporting bounds information....
18:14:27: Bounds information exported.
18:14:27: Exporting submesh name table...
18:14:27: Submesh name table exported.
18:14:27: Exporting edge lists...
18:14:27: Edge lists exported
18:14:27: Mesh data exported.
18:14:27: MeshSerializer export successful.
18:14:27: Unregistering ResourceManager for type Skeleton
18:14:27: Unregistering ResourceManager for type Material
18:14:27: Unregistering ResourceManager for type Mesh
